0 info it worked if it ends with ok
1 verbose cli [ '/usr/local/bin/node',
1 verbose cli   '/usr/local/bin/npm',
1 verbose cli   'run',
1 verbose cli   'dev:server' ]
2 info using npm@4.1.2
3 info using node@v7.7.4
4 verbose run-script [ 'predev:server', 'dev:server', 'postdev:server' ]
5 info lifecycle star-wars-react@1.0.0~predev:server: star-wars-react@1.0.0
6 silly lifecycle star-wars-react@1.0.0~predev:server: no script for predev:server, continuing
7 info lifecycle star-wars-react@1.0.0~dev:server: star-wars-react@1.0.0
8 verbose lifecycle star-wars-react@1.0.0~dev:server: unsafe-perm in lifecycle true
9 verbose lifecycle star-wars-react@1.0.0~dev:server: PATH: /usr/local/lib/node_modules/npm/bin/node-gyp-bin:/Users/mnbaird/code/starWarsReact/node_modules/.bin:/usr/bin:/bin:/usr/sbin:/sbin:/usr/local/bin
10 verbose lifecycle star-wars-react@1.0.0~dev:server: CWD: /Users/mnbaird/code/starWarsReact
11 silly lifecycle star-wars-react@1.0.0~dev:server: Args: [ '-c', 'webpack --config webpack.config.server.js --watch' ]
12 silly lifecycle star-wars-react@1.0.0~dev:server: Returned: code: 1  signal: null
13 info lifecycle star-wars-react@1.0.0~dev:server: Failed to exec dev:server script
14 verbose stack Error: star-wars-react@1.0.0 dev:server: `webpack --config webpack.config.server.js --watch`
14 verbose stack Exit status 1
14 verbose stack     at EventEmitter.<anonymous> (/usr/local/lib/node_modules/npm/lib/utils/lifecycle.js:279:16)
14 verbose stack     at emitTwo (events.js:106:13)
14 verbose stack     at EventEmitter.emit (events.js:194:7)
14 verbose stack     at ChildProcess.<anonymous> (/usr/local/lib/node_modules/npm/lib/utils/spawn.js:40:14)
14 verbose stack     at emitTwo (events.js:106:13)
14 verbose stack     at ChildProcess.emit (events.js:194:7)
14 verbose stack     at maybeClose (internal/child_process.js:899:16)
14 verbose stack     at Process.ChildProcess._handle.onexit (internal/child_process.js:226:5)
15 verbose pkgid star-wars-react@1.0.0
16 verbose cwd /Users/mnbaird/code/starWarsReact
17 error Darwin 15.0.0
18 error argv "/usr/local/bin/node" "/usr/local/bin/npm" "run" "dev:server"
19 error node v7.7.4
20 error npm  v4.1.2
21 error code ELIFECYCLE
22 error star-wars-react@1.0.0 dev:server: `webpack --config webpack.config.server.js --watch`
22 error Exit status 1
23 error Failed at the star-wars-react@1.0.0 dev:server script 'webpack --config webpack.config.server.js --watch'.
23 error Make sure you have the latest version of node.js and npm installed.
23 error If you do, this is most likely a problem with the star-wars-react package,
23 error not with npm itself.
23 error Tell the author that this fails on your system:
23 error     webpack --config webpack.config.server.js --watch
23 error You can get information on how to open an issue for this project with:
23 error     npm bugs star-wars-react
23 error Or if that isn't available, you can get their info via:
23 error     npm owner ls star-wars-react
23 error There is likely additional logging output above.
24 verbose exit [ 1, true ]
